Build started 9/20/2010 11:04:45 PM.
Project "Z:\Ryan On My Mac\Documents\Penn State\Fall 2010\CMPSC 458\HeightMap\Assignment1.vcxproj" on node 2 (build target(s)).
InitializeBuildStatus:
  Creating "Debug\Assignment1.unsuccessfulbuild" because "AlwaysCreate" was specified.
ClCompile:
  C:\Program Files\Microsoft Visual Studio 10.0\VC\bin\CL.exe /c /I"Z:\Ryan On My Mac\Documents\Penn State\Fall 2010\CMPSC 458\HeightMap\\libs\include" /ZI /nologo /W3 /WX- /Od /Oy- /D WIN32 /D _DEBUG /D _CONSOLE /D _UNICODE /D UNICODE /Gm /EHsc /RTC1 /MTd /GS /fp:precise /Zc:wchar_t /Zc:forScope /Fo"Debug\\" /Fd"Debug\vc100.pdb" /Gd /TP /analyze- /errorReport:prompt main.cpp
  main.cpp
  Linking to lib file: libpiciomtd.lib
ManifestResourceCompile:
  All outputs are up-to-date.
Link:
  C:\Program Files\Microsoft Visual Studio 10.0\VC\bin\link.exe /ERRORREPORT:PROMPT /OUT:"Z:\Ryan On My Mac\Documents\Penn State\Fall 2010\CMPSC 458\HeightMap\Debug\Assignment1.exe" /INCREMENTAL /NOLOGO /LIBPATH:"Z:\Ryan On My Mac\Documents\Penn State\Fall 2010\CMPSC 458\HeightMap\\libs\lib" kernel32.lib user32.lib gdi32.lib winspool.lib comdlg32.lib advapi32.lib shell32.lib ole32.lib oleaut32.lib uuid.lib odbc32.lib odbccp32.lib /MANIFEST /ManifestFile:"Debug\Assignment1.exe.intermediate.manifest" /MANIFESTUAC:"level='asInvoker' uiAccess='false'" /DEBUG /PDB:"Z:\Ryan On My Mac\Documents\Penn State\Fall 2010\CMPSC 458\HeightMap\Debug\Assignment1.pdb" /SUBSYSTEM:CONSOLE /TLBID:1 /DYNAMICBASE:NO /IMPLIB:"Z:\Ryan On My Mac\Documents\Penn State\Fall 2010\CMPSC 458\HeightMap\Debug\Assignment1.lib" /MACHINE:X86 Debug\Assignment1.exe.embed.manifest.res
  Debug\main.obj
Manifest:
  C:\Program Files\Microsoft SDKs\Windows\v7.0A\bin\mt.exe /nologo /verbose /out:"Debug\Assignment1.exe.embed.manifest" /manifest Debug\Assignment1.exe.intermediate.manifest
  All outputs are up-to-date.
LinkEmbedManifest:
  All outputs are up-to-date.
  Assignment1.vcxproj -> Z:\Ryan On My Mac\Documents\Penn State\Fall 2010\CMPSC 458\HeightMap\Debug\Assignment1.exe
FinalizeBuildStatus:
  Deleting file "Debug\Assignment1.unsuccessfulbuild".
  Touching "Debug\Assignment1.lastbuildstate".
Done Building Project "Z:\Ryan On My Mac\Documents\Penn State\Fall 2010\CMPSC 458\HeightMap\Assignment1.vcxproj" (build target(s)).

Build succeeded.

Time Elapsed 00:00:05.78
